19:46:55.686 INFO  main GatewayStart         : config conf.yaml !!ibgroup.web.core.clientportal.gw.Config
authDelay: 3000
cors: {origin.allowed: '*', allowCredentials: false}
ip2loc: US
ips:
  allow: [192.*, 131.216.*, 127.0.0.1]
  deny: [212.90.324.10]
listenPort: 5000
listenSsl: true
portalBaseURL: ''
proxyRemoteHost: https://api.ibkr.com
proxyRemoteSsl: true
sslCert: vertx.jks
sslPwd: mywebapi
ssoPing: 5
svcEnvironment: v1
webApps:
- {cache: true, index: index.html, listing: false, name: demo, proxy: ''}

19:46:55.956 INFO  vert.x-eventloop-thread-0 GatewayHttpProxy     :  -> mount demo on /demo
19:46:55.999 INFO  vert.x-eventloop-thread-0 GatewayVerticle      : version: ed4af2592e9dd4a784d5403843bd18292fd441ea Fri, 9 Nov 2018 13:23:18 -0500
19:46:56.000 INFO  vert.x-eventloop-thread-0 GatewayVerticle      : Java Version: 13.0.1
19:47:44.427 WARN  vert.x-eventloop-thread-0 DefaultChannelPipeline : An exceptionCaught() event was fired, and it reached at the tail of the pipeline. It usually means the last handler in the pipeline did not handle the exception.
io.netty.handler.codec.DecoderException: javax.net.ssl.SSLHandshakeException: Received fatal alert: certificate_unknown
	at io.netty.handler.codec.ByteToMessageDecoder.callDecode(ByteToMessageDecoder.java:459)
	at io.netty.handler.codec.ByteToMessageDecoder.channelRead(ByteToMessageDecoder.java:265)
	at io.netty.channel.AbstractChannelHandlerContext.invokeChannelRead(AbstractChannelHandlerContext.java:362)
	at io.netty.channel.AbstractChannelHandlerContext.invokeChannelRead(AbstractChannelHandlerContext.java:348)
	at io.netty.channel.AbstractChannelHandlerContext.fireChannelRead(AbstractChannelHandlerContext.java:340)
	at io.netty.channel.DefaultChannelPipeline$HeadContext.channelRead(DefaultChannelPipeline.java:1359)
	at io.netty.channel.AbstractChannelHandlerContext.invokeChannelRead(AbstractChannelHandlerContext.java:362)
	at io.netty.channel.AbstractChannelHandlerContext.invokeChannelRead(AbstractChannelHandlerContext.java:348)
	at io.netty.channel.DefaultChannelPipeline.fireChannelRead(DefaultChannelPipeline.java:935)
	at io.netty.channel.nio.AbstractNioByteChannel$NioByteUnsafe.read(AbstractNioByteChannel.java:134)
	at io.netty.channel.nio.NioEventLoop.processSelectedKey(NioEventLoop.java:645)
	at io.netty.channel.nio.NioEventLoop.processSelectedKeysOptimized(NioEventLoop.java:580)
	at io.netty.channel.nio.NioEventLoop.processSelectedKeys(NioEventLoop.java:497)
	at io.netty.channel.nio.NioEventLoop.run(NioEventLoop.java:459)
	at io.netty.util.concurrent.SingleThreadEventExecutor$5.run(SingleThreadEventExecutor.java:858)
	at java.base/java.lang.Thread.run(Thread.java:830)
Caused by: javax.net.ssl.SSLHandshakeException: Received fatal alert: certificate_unknown
	at java.base/sun.security.ssl.Alert.createSSLException(Alert.java:131)
	at java.base/sun.security.ssl.Alert.createSSLException(Alert.java:117)
	at java.base/sun.security.ssl.TransportContext.fatal(TransportContext.java:311)
	at java.base/sun.security.ssl.Alert$AlertConsumer.consume(Alert.java:285)
	at java.base/sun.security.ssl.TransportContext.dispatch(TransportContext.java:184)
	at java.base/sun.security.ssl.SSLTransport.decode(SSLTransport.java:164)
	at java.base/sun.security.ssl.SSLEngineImpl.decode(SSLEngineImpl.java:729)
	at java.base/sun.security.ssl.SSLEngineImpl.readRecord(SSLEngineImpl.java:684)
	at java.base/sun.security.ssl.SSLEngineImpl.unwrap(SSLEngineImpl.java:499)
	at java.base/sun.security.ssl.SSLEngineImpl.unwrap(SSLEngineImpl.java:475)
	at java.base/javax.net.ssl.SSLEngine.unwrap(SSLEngine.java:634)
	at io.netty.handler.ssl.SslHandler$SslEngineType$3.unwrap(SslHandler.java:281)
	at io.netty.handler.ssl.SslHandler.unwrap(SslHandler.java:1215)
	at io.netty.handler.ssl.SslHandler.decodeJdkCompatible(SslHandler.java:1127)
	at io.netty.handler.ssl.SslHandler.decode(SslHandler.java:1162)
	at io.netty.handler.codec.ByteToMessageDecoder.decodeRemovalReentryProtection(ByteToMessageDecoder.java:489)
	at io.netty.handler.codec.ByteToMessageDecoder.callDecode(ByteToMessageDecoder.java:428)
	... 15 common frames omitted
19:47:44.577 WARN  vert.x-eventloop-thread-0 DefaultChannelPipeline : An exceptionCaught() event was fired, and it reached at the tail of the pipeline. It usually means the last handler in the pipeline did not handle the exception.
io.netty.handler.codec.DecoderException: javax.net.ssl.SSLHandshakeException: Received fatal alert: certificate_unknown
	at io.netty.handler.codec.ByteToMessageDecoder.callDecode(ByteToMessageDecoder.java:459)
	at io.netty.handler.codec.ByteToMessageDecoder.channelRead(ByteToMessageDecoder.java:265)
	at io.netty.channel.AbstractChannelHandlerContext.invokeChannelRead(AbstractChannelHandlerContext.java:362)
	at io.netty.channel.AbstractChannelHandlerContext.invokeChannelRead(AbstractChannelHandlerContext.java:348)
	at io.netty.channel.AbstractChannelHandlerContext.fireChannelRead(AbstractChannelHandlerContext.java:340)
	at io.netty.channel.DefaultChannelPipeline$HeadContext.channelRead(DefaultChannelPipeline.java:1359)
	at io.netty.channel.AbstractChannelHandlerContext.invokeChannelRead(AbstractChannelHandlerContext.java:362)
	at io.netty.channel.AbstractChannelHandlerContext.invokeChannelRead(AbstractChannelHandlerContext.java:348)
	at io.netty.channel.DefaultChannelPipeline.fireChannelRead(DefaultChannelPipeline.java:935)
	at io.netty.channel.nio.AbstractNioByteChannel$NioByteUnsafe.read(AbstractNioByteChannel.java:134)
	at io.netty.channel.nio.NioEventLoop.processSelectedKey(NioEventLoop.java:645)
	at io.netty.channel.nio.NioEventLoop.processSelectedKeysOptimized(NioEventLoop.java:580)
	at io.netty.channel.nio.NioEventLoop.processSelectedKeys(NioEventLoop.java:497)
	at io.netty.channel.nio.NioEventLoop.run(NioEventLoop.java:459)
	at io.netty.util.concurrent.SingleThreadEventExecutor$5.run(SingleThreadEventExecutor.java:858)
	at java.base/java.lang.Thread.run(Thread.java:830)
Caused by: javax.net.ssl.SSLHandshakeException: Received fatal alert: certificate_unknown
	at java.base/sun.security.ssl.Alert.createSSLException(Alert.java:131)
	at java.base/sun.security.ssl.Alert.createSSLException(Alert.java:117)
	at java.base/sun.security.ssl.TransportContext.fatal(TransportContext.java:311)
	at java.base/sun.security.ssl.Alert$AlertConsumer.consume(Alert.java:285)
	at java.base/sun.security.ssl.TransportContext.dispatch(TransportContext.java:184)
	at java.base/sun.security.ssl.SSLTransport.decode(SSLTransport.java:164)
	at java.base/sun.security.ssl.SSLEngineImpl.decode(SSLEngineImpl.java:729)
	at java.base/sun.security.ssl.SSLEngineImpl.readRecord(SSLEngineImpl.java:684)
	at java.base/sun.security.ssl.SSLEngineImpl.unwrap(SSLEngineImpl.java:499)
	at java.base/sun.security.ssl.SSLEngineImpl.unwrap(SSLEngineImpl.java:475)
	at java.base/javax.net.ssl.SSLEngine.unwrap(SSLEngine.java:634)
	at io.netty.handler.ssl.SslHandler$SslEngineType$3.unwrap(SslHandler.java:281)
	at io.netty.handler.ssl.SslHandler.unwrap(SslHandler.java:1215)
	at io.netty.handler.ssl.SslHandler.decodeJdkCompatible(SslHandler.java:1127)
	at io.netty.handler.ssl.SslHandler.decode(SslHandler.java:1162)
	at io.netty.handler.codec.ByteToMessageDecoder.decodeRemovalReentryProtection(ByteToMessageDecoder.java:489)
	at io.netty.handler.codec.ByteToMessageDecoder.callDecode(ByteToMessageDecoder.java:428)
	... 15 common frames omitted
19:47:45.562 INFO  vert.x-eventloop-thread-0 BaseServiceProxy     : -> GET /sso/Login?forwardTo=22&RL=1&ip2loc=US,200|693ms
19:47:45.564 INFO  vert.x-eventloop-thread-0 CookieManager        : set cookies [XYZAB_AM.LOGIN=""; Domain=.ibkr.com; Path=/;Secure;SameSite=None, XYZAB=""; Domain=.ibkr.com; Path=/;Secure;SameSite=None, URL_PARAM="forwardTo=22&RL=1&ip2loc=US"; Version=1; Domain=.ibkr.com; Path=/;Secure;HttpOnly, RL=1; Domain=.ibkr.com; Path=/;Secure;HttpOnly;SameSite=None, JSESSIONID=F56032212637ED47FC158A04EF9D20F4.ny5wwwdamsso2; Path=/sso; HttpOnly;Secure;SameSite=None, ibkr.nj=!X8tX0Eeqk24hGpHTjnb8aJdPWjvaiRW5lQtAkV8JLk9MBW0Vr6fvLe+zB4Foz0UWryImLEk2sv/tgYgDs7nZ1TQ7gvThnloYPy/lOxp428ZNvzOGbGC0GDgHU/qikF/GuGVWgU1KZkzKnfnyshZX6JZ+i+Hruxg=; path=/; Httponly, ibkr.nj=286525962.20480.0000; path=/; Httponly; Secure]
19:47:45.567 DEBUG vert.x-eventloop-thread-0 BaseServiceProxy     : Remapping Set-cookies [XYZAB_AM.LOGIN=""; Domain=.ibkr.com; Path=/;Secure;SameSite=None, XYZAB=""; Domain=.ibkr.com; Path=/;Secure;SameSite=None, URL_PARAM="forwardTo=22&RL=1&ip2loc=US"; Version=1; Domain=.ibkr.com; Path=/;Secure;HttpOnly, RL=1; Domain=.ibkr.com; Path=/;Secure;HttpOnly;SameSite=None, JSESSIONID=F56032212637ED47FC158A04EF9D20F4.ny5wwwdamsso2; Path=/sso; HttpOnly;Secure;SameSite=None, ibkr.nj=!X8tX0Eeqk24hGpHTjnb8aJdPWjvaiRW5lQtAkV8JLk9MBW0Vr6fvLe+zB4Foz0UWryImLEk2sv/tgYgDs7nZ1TQ7gvThnloYPy/lOxp428ZNvzOGbGC0GDgHU/qikF/GuGVWgU1KZkzKnfnyshZX6JZ+i+Hruxg=; path=/; Httponly, ibkr.nj=286525962.20480.0000; path=/; Httponly; Secure] -> 
19:47:45.917 WARN  vert.x-eventloop-thread-0 DefaultChannelPipeline : An exceptionCaught() event was fired, and it reached at the tail of the pipeline. It usually means the last handler in the pipeline did not handle the exception.
io.netty.handler.codec.DecoderException: javax.net.ssl.SSLHandshakeException: Received fatal alert: certificate_unknown
	at io.netty.handler.codec.ByteToMessageDecoder.callDecode(ByteToMessageDecoder.java:459)
	at io.netty.handler.codec.ByteToMessageDecoder.channelRead(ByteToMessageDecoder.java:265)
	at io.netty.channel.AbstractChannelHandlerContext.invokeChannelRead(AbstractChannelHandlerContext.java:362)
	at io.netty.channel.AbstractChannelHandlerContext.invokeChannelRead(AbstractChannelHandlerContext.java:348)
	at io.netty.channel.AbstractChannelHandlerContext.fireChannelRead(AbstractChannelHandlerContext.java:340)
	at io.netty.channel.DefaultChannelPipeline$HeadContext.channelRead(DefaultChannelPipeline.java:1359)
	at io.netty.channel.AbstractChannelHandlerContext.invokeChannelRead(AbstractChannelHandlerContext.java:362)
	at io.netty.channel.AbstractChannelHandlerContext.invokeChannelRead(AbstractChannelHandlerContext.java:348)
	at io.netty.channel.DefaultChannelPipeline.fireChannelRead(DefaultChannelPipeline.java:935)
	at io.netty.channel.nio.AbstractNioByteChannel$NioByteUnsafe.read(AbstractNioByteChannel.java:134)
	at io.netty.channel.nio.NioEventLoop.processSelectedKey(NioEventLoop.java:645)
	at io.netty.channel.nio.NioEventLoop.processSelectedKeysOptimized(NioEventLoop.java:580)
	at io.netty.channel.nio.NioEventLoop.processSelectedKeys(NioEventLoop.java:497)
	at io.netty.channel.nio.NioEventLoop.run(NioEventLoop.java:459)
	at io.netty.util.concurrent.SingleThreadEventExecutor$5.run(SingleThreadEventExecutor.java:858)
	at java.base/java.lang.Thread.run(Thread.java:830)
Caused by: javax.net.ssl.SSLHandshakeException: Received fatal alert: certificate_unknown
	at java.base/sun.security.ssl.Alert.createSSLException(Alert.java:131)
	at java.base/sun.security.ssl.Alert.createSSLException(Alert.java:117)
	at java.base/sun.security.ssl.TransportContext.fatal(TransportContext.java:311)
	at java.base/sun.security.ssl.Alert$AlertConsumer.consume(Alert.java:285)
	at java.base/sun.security.ssl.TransportContext.dispatch(TransportContext.java:184)
	at java.base/sun.security.ssl.SSLTransport.decode(SSLTransport.java:164)
	at java.base/sun.security.ssl.SSLEngineImpl.decode(SSLEngineImpl.java:729)
	at java.base/sun.security.ssl.SSLEngineImpl.readRecord(SSLEngineImpl.java:684)
	at java.base/sun.security.ssl.SSLEngineImpl.unwrap(SSLEngineImpl.java:499)
	at java.base/sun.security.ssl.SSLEngineImpl.unwrap(SSLEngineImpl.java:475)
	at java.base/javax.net.ssl.SSLEngine.unwrap(SSLEngine.java:634)
	at io.netty.handler.ssl.SslHandler$SslEngineType$3.unwrap(SslHandler.java:281)
	at io.netty.handler.ssl.SslHandler.unwrap(SslHandler.java:1215)
	at io.netty.handler.ssl.SslHandler.decodeJdkCompatible(SslHandler.java:1127)
	at io.netty.handler.ssl.SslHandler.decode(SslHandler.java:1162)
	at io.netty.handler.codec.ByteToMessageDecoder.decodeRemovalReentryProtection(ByteToMessageDecoder.java:489)
	at io.netty.handler.codec.ByteToMessageDecoder.callDecode(ByteToMessageDecoder.java:428)
	... 15 common frames omitted
19:47:45.919 WARN  vert.x-eventloop-thread-0 DefaultChannelPipeline : An exceptionCaught() event was fired, and it reached at the tail of the pipeline. It usually means the last handler in the pipeline did not handle the exception.
io.netty.handler.codec.DecoderException: javax.net.ssl.SSLHandshakeException: Received fatal alert: certificate_unknown
	at io.netty.handler.codec.ByteToMessageDecoder.callDecode(ByteToMessageDecoder.java:459)
	at io.netty.handler.codec.ByteToMessageDecoder.channelRead(ByteToMessageDecoder.java:265)
	at io.netty.channel.AbstractChannelHandlerContext.invokeChannelRead(AbstractChannelHandlerContext.java:362)
	at io.netty.channel.AbstractChannelHandlerContext.invokeChannelRead(AbstractChannelHandlerContext.java:348)
	at io.netty.channel.AbstractChannelHandlerContext.fireChannelRead(AbstractChannelHandlerContext.java:340)
	at io.netty.channel.DefaultChannelPipeline$HeadContext.channelRead(DefaultChannelPipeline.java:1359)
	at io.netty.channel.AbstractChannelHandlerContext.invokeChannelRead(AbstractChannelHandlerContext.java:362)
	at io.netty.channel.AbstractChannelHandlerContext.invokeChannelRead(AbstractChannelHandlerContext.java:348)
	at io.netty.channel.DefaultChannelPipeline.fireChannelRead(DefaultChannelPipeline.java:935)
	at io.netty.channel.nio.AbstractNioByteChannel$NioByteUnsafe.read(AbstractNioByteChannel.java:134)
	at io.netty.channel.nio.NioEventLoop.processSelectedKey(NioEventLoop.java:645)
	at io.netty.channel.nio.NioEventLoop.processSelectedKeysOptimized(NioEventLoop.java:580)
	at io.netty.channel.nio.NioEventLoop.processSelectedKeys(NioEventLoop.java:497)
	at io.netty.channel.nio.NioEventLoop.run(NioEventLoop.java:459)
	at io.netty.util.concurrent.SingleThreadEventExecutor$5.run(SingleThreadEventExecutor.java:858)
	at java.base/java.lang.Thread.run(Thread.java:830)
Caused by: javax.net.ssl.SSLHandshakeException: Received fatal alert: certificate_unknown
	at java.base/sun.security.ssl.Alert.createSSLException(Alert.java:131)
	at java.base/sun.security.ssl.Alert.createSSLException(Alert.java:117)
	at java.base/sun.security.ssl.TransportContext.fatal(TransportContext.java:311)
	at java.base/sun.security.ssl.Alert$AlertConsumer.consume(Alert.java:285)
	at java.base/sun.security.ssl.TransportContext.dispatch(TransportContext.java:184)
	at java.base/sun.security.ssl.SSLTransport.decode(SSLTransport.java:164)
	at java.base/sun.security.ssl.SSLEngineImpl.decode(SSLEngineImpl.java:729)
	at java.base/sun.security.ssl.SSLEngineImpl.readRecord(SSLEngineImpl.java:684)
	at java.base/sun.security.ssl.SSLEngineImpl.unwrap(SSLEngineImpl.java:499)
	at java.base/sun.security.ssl.SSLEngineImpl.unwrap(SSLEngineImpl.java:475)
	at java.base/javax.net.ssl.SSLEngine.unwrap(SSLEngine.java:634)
	at io.netty.handler.ssl.SslHandler$SslEngineType$3.unwrap(SslHandler.java:281)
	at io.netty.handler.ssl.SslHandler.unwrap(SslHandler.java:1215)
	at io.netty.handler.ssl.SslHandler.decodeJdkCompatible(SslHandler.java:1127)
	at io.netty.handler.ssl.SslHandler.decode(SslHandler.java:1162)
	at io.netty.handler.codec.ByteToMessageDecoder.decodeRemovalReentryProtection(ByteToMessageDecoder.java:489)
	at io.netty.handler.codec.ByteToMessageDecoder.callDecode(ByteToMessageDecoder.java:428)
	... 15 common frames omitted
19:47:45.920 WARN  vert.x-eventloop-thread-0 DefaultChannelPipeline : An exceptionCaught() event was fired, and it reached at the tail of the pipeline. It usually means the last handler in the pipeline did not handle the exception.
io.netty.handler.codec.DecoderException: javax.net.ssl.SSLHandshakeException: Received fatal alert: certificate_unknown
	at io.netty.handler.codec.ByteToMessageDecoder.callDecode(ByteToMessageDecoder.java:459)
	at io.netty.handler.codec.ByteToMessageDecoder.channelRead(ByteToMessageDecoder.java:265)
	at io.netty.channel.AbstractChannelHandlerContext.invokeChannelRead(AbstractChannelHandlerContext.java:362)
	at io.netty.channel.AbstractChannelHandlerContext.invokeChannelRead(AbstractChannelHandlerContext.java:348)
	at io.netty.channel.AbstractChannelHandlerContext.fireChannelRead(AbstractChannelHandlerContext.java:340)
	at io.netty.channel.DefaultChannelPipeline$HeadContext.channelRead(DefaultChannelPipeline.java:1359)
	at io.netty.channel.AbstractChannelHandlerContext.invokeChannelRead(AbstractChannelHandlerContext.java:362)
	at io.netty.channel.AbstractChannelHandlerContext.invokeChannelRead(AbstractChannelHandlerContext.java:348)
	at io.netty.channel.DefaultChannelPipeline.fireChannelRead(DefaultChannelPipeline.java:935)
	at io.netty.channel.nio.AbstractNioByteChannel$NioByteUnsafe.read(AbstractNioByteChannel.java:134)
	at io.netty.channel.nio.NioEventLoop.processSelectedKey(NioEventLoop.java:645)
	at io.netty.channel.nio.NioEventLoop.processSelectedKeysOptimized(NioEventLoop.java:580)
	at io.netty.channel.nio.NioEventLoop.processSelectedKeys(NioEventLoop.java:497)
	at io.netty.channel.nio.NioEventLoop.run(NioEventLoop.java:459)
	at io.netty.util.concurrent.SingleThreadEventExecutor$5.run(SingleThreadEventExecutor.java:858)
	at java.base/java.lang.Thread.run(Thread.java:830)
Caused by: javax.net.ssl.SSLHandshakeException: Received fatal alert: certificate_unknown
	at java.base/sun.security.ssl.Alert.createSSLException(Alert.java:131)
	at java.base/sun.security.ssl.Alert.createSSLException(Alert.java:117)
	at java.base/sun.security.ssl.TransportContext.fatal(TransportContext.java:311)
	at java.base/sun.security.ssl.Alert$AlertConsumer.consume(Alert.java:285)
	at java.base/sun.security.ssl.TransportContext.dispatch(TransportContext.java:184)
	at java.base/sun.security.ssl.SSLTransport.decode(SSLTransport.java:164)
	at java.base/sun.security.ssl.SSLEngineImpl.decode(SSLEngineImpl.java:729)
	at java.base/sun.security.ssl.SSLEngineImpl.readRecord(SSLEngineImpl.java:684)
	at java.base/sun.security.ssl.SSLEngineImpl.unwrap(SSLEngineImpl.java:499)
	at java.base/sun.security.ssl.SSLEngineImpl.unwrap(SSLEngineImpl.java:475)
	at java.base/javax.net.ssl.SSLEngine.unwrap(SSLEngine.java:634)
	at io.netty.handler.ssl.SslHandler$SslEngineType$3.unwrap(SslHandler.java:281)
	at io.netty.handler.ssl.SslHandler.unwrap(SslHandler.java:1215)
	at io.netty.handler.ssl.SslHandler.decodeJdkCompatible(SslHandler.java:1127)
	at io.netty.handler.ssl.SslHandler.decode(SslHandler.java:1162)
	at io.netty.handler.codec.ByteToMessageDecoder.decodeRemovalReentryProtection(ByteToMessageDecoder.java:489)
	at io.netty.handler.codec.ByteToMessageDecoder.callDecode(ByteToMessageDecoder.java:428)
	... 15 common frames omitted
19:47:45.934 WARN  vert.x-eventloop-thread-0 DefaultChannelPipeline : An exceptionCaught() event was fired, and it reached at the tail of the pipeline. It usually means the last handler in the pipeline did not handle the exception.
io.netty.handler.codec.DecoderException: javax.net.ssl.SSLHandshakeException: Received fatal alert: certificate_unknown
	at io.netty.handler.codec.ByteToMessageDecoder.callDecode(ByteToMessageDecoder.java:459)
	at io.netty.handler.codec.ByteToMessageDecoder.channelRead(ByteToMessageDecoder.java:265)
	at io.netty.channel.AbstractChannelHandlerContext.invokeChannelRead(AbstractChannelHandlerContext.java:362)
	at io.netty.channel.AbstractChannelHandlerContext.invokeChannelRead(AbstractChannelHandlerContext.java:348)
	at io.netty.channel.AbstractChannelHandlerContext.fireChannelRead(AbstractChannelHandlerContext.java:340)
	at io.netty.channel.DefaultChannelPipeline$HeadContext.channelRead(DefaultChannelPipeline.java:1359)
	at io.netty.channel.AbstractChannelHandlerContext.invokeChannelRead(AbstractChannelHandlerContext.java:362)
	at io.netty.channel.AbstractChannelHandlerContext.invokeChannelRead(AbstractChannelHandlerContext.java:348)
	at io.netty.channel.DefaultChannelPipeline.fireChannelRead(DefaultChannelPipeline.java:935)
	at io.netty.channel.nio.AbstractNioByteChannel$NioByteUnsafe.read(AbstractNioByteChannel.java:134)
	at io.netty.channel.nio.NioEventLoop.processSelectedKey(NioEventLoop.java:645)
	at io.netty.channel.nio.NioEventLoop.processSelectedKeysOptimized(NioEventLoop.java:580)
	at io.netty.channel.nio.NioEventLoop.processSelectedKeys(NioEventLoop.java:497)
	at io.netty.channel.nio.NioEventLoop.run(NioEventLoop.java:459)
	at io.netty.util.concurrent.SingleThreadEventExecutor$5.run(SingleThreadEventExecutor.java:858)
	at java.base/java.lang.Thread.run(Thread.java:830)
Caused by: javax.net.ssl.SSLHandshakeException: Received fatal alert: certificate_unknown
	at java.base/sun.security.ssl.Alert.createSSLException(Alert.java:131)
	at java.base/sun.security.ssl.Alert.createSSLException(Alert.java:117)
	at java.base/sun.security.ssl.TransportContext.fatal(TransportContext.java:311)
	at java.base/sun.security.ssl.Alert$AlertConsumer.consume(Alert.java:285)
	at java.base/sun.security.ssl.TransportContext.dispatch(TransportContext.java:184)
	at java.base/sun.security.ssl.SSLTransport.decode(SSLTransport.java:164)
	at java.base/sun.security.ssl.SSLEngineImpl.decode(SSLEngineImpl.java:729)
	at java.base/sun.security.ssl.SSLEngineImpl.readRecord(SSLEngineImpl.java:684)
	at java.base/sun.security.ssl.SSLEngineImpl.unwrap(SSLEngineImpl.java:499)
	at java.base/sun.security.ssl.SSLEngineImpl.unwrap(SSLEngineImpl.java:475)
	at java.base/javax.net.ssl.SSLEngine.unwrap(SSLEngine.java:634)
	at io.netty.handler.ssl.SslHandler$SslEngineType$3.unwrap(SslHandler.java:281)
	at io.netty.handler.ssl.SslHandler.unwrap(SslHandler.java:1215)
	at io.netty.handler.ssl.SslHandler.decodeJdkCompatible(SslHandler.java:1127)
	at io.netty.handler.ssl.SslHandler.decode(SslHandler.java:1162)
	at io.netty.handler.codec.ByteToMessageDecoder.decodeRemovalReentryProtection(ByteToMessageDecoder.java:489)
	at io.netty.handler.codec.ByteToMessageDecoder.callDecode(ByteToMessageDecoder.java:428)
	... 15 common frames omitted
19:47:45.966 INFO  vert.x-eventloop-thread-0 BaseServiceProxy     : -> GET /stylesheet/web/bootstrap-switch.v3.3.2.min.css,200|116ms
19:47:46.035 INFO  vert.x-eventloop-thread-0 BaseServiceProxy     : -> GET /stylesheet/web/bootstrap.v3.3.6.css,200|431ms
19:47:46.080 INFO  vert.x-eventloop-thread-0 BaseServiceProxy     : -> GET /sso/Templates/otp-responsive.css?1599763665097,200|109ms
19:47:46.196 INFO  vert.x-eventloop-thread-0 BaseServiceProxy     : -> GET /stylesheet/web/font-awesome.v4.7.0.css,200|109ms
19:47:46.288 WARN  vert.x-eventloop-thread-0 DefaultChannelPipeline : An exceptionCaught() event was fired, and it reached at the tail of the pipeline. It usually means the last handler in the pipeline did not handle the exception.
io.netty.handler.codec.DecoderException: javax.net.ssl.SSLHandshakeException: Received fatal alert: certificate_unknown
	at io.netty.handler.codec.ByteToMessageDecoder.callDecode(ByteToMessageDecoder.java:459)
	at io.netty.handler.codec.ByteToMessageDecoder.channelRead(ByteToMessageDecoder.java:265)
	at io.netty.channel.AbstractChannelHandlerContext.invokeChannelRead(AbstractChannelHandlerContext.java:362)
	at io.netty.channel.AbstractChannelHandlerContext.invokeChannelRead(AbstractChannelHandlerContext.java:348)
	at io.netty.channel.AbstractChannelHandlerContext.fireChannelRead(AbstractChannelHandlerContext.java:340)
	at io.netty.channel.DefaultChannelPipeline$HeadContext.channelRead(DefaultChannelPipeline.java:1359)
	at io.netty.channel.AbstractChannelHandlerContext.invokeChannelRead(AbstractChannelHandlerContext.java:362)
	at io.netty.channel.AbstractChannelHandlerContext.invokeChannelRead(AbstractChannelHandlerContext.java:348)
	at io.netty.channel.DefaultChannelPipeline.fireChannelRead(DefaultChannelPipeline.java:935)
	at io.netty.channel.nio.AbstractNioByteChannel$NioByteUnsafe.read(AbstractNioByteChannel.java:134)
	at io.netty.channel.nio.NioEventLoop.processSelectedKey(NioEventLoop.java:645)
	at io.netty.channel.nio.NioEventLoop.processSelectedKeysOptimized(NioEventLoop.java:580)
	at io.netty.channel.nio.NioEventLoop.processSelectedKeys(NioEventLoop.java:497)
	at io.netty.channel.nio.NioEventLoop.run(NioEventLoop.java:459)
	at io.netty.util.concurrent.SingleThreadEventExecutor$5.run(SingleThreadEventExecutor.java:858)
	at java.base/java.lang.Thread.run(Thread.java:830)
Caused by: javax.net.ssl.SSLHandshakeException: Received fatal alert: certificate_unknown
	at java.base/sun.security.ssl.Alert.createSSLException(Alert.java:131)
	at java.base/sun.security.ssl.Alert.createSSLException(Alert.java:117)
	at java.base/sun.security.ssl.TransportContext.fatal(TransportContext.java:311)
	at java.base/sun.security.ssl.Alert$AlertConsumer.consume(Alert.java:285)
	at java.base/sun.security.ssl.TransportContext.dispatch(TransportContext.java:184)
	at java.base/sun.security.ssl.SSLTransport.decode(SSLTransport.java:164)
	at java.base/sun.security.ssl.SSLEngineImpl.decode(SSLEngineImpl.java:729)
	at java.base/sun.security.ssl.SSLEngineImpl.readRecord(SSLEngineImpl.java:684)
	at java.base/sun.security.ssl.SSLEngineImpl.unwrap(SSLEngineImpl.java:499)
	at java.base/sun.security.ssl.SSLEngineImpl.unwrap(SSLEngineImpl.java:475)
	at java.base/javax.net.ssl.SSLEngine.unwrap(SSLEngine.java:634)
	at io.netty.handler.ssl.SslHandler$SslEngineType$3.unwrap(SslHandler.java:281)
	at io.netty.handler.ssl.SslHandler.unwrap(SslHandler.java:1215)
	at io.netty.handler.ssl.SslHandler.decodeJdkCompatible(SslHandler.java:1127)
	at io.netty.handler.ssl.SslHandler.decode(SslHandler.java:1162)
	at io.netty.handler.codec.ByteToMessageDecoder.decodeRemovalReentryProtection(ByteToMessageDecoder.java:489)
	at io.netty.handler.codec.ByteToMessageDecoder.callDecode(ByteToMessageDecoder.java:428)
	... 15 common frames omitted
19:47:46.292 WARN  vert.x-eventloop-thread-0 DefaultChannelPipeline : An exceptionCaught() event was fired, and it reached at the tail of the pipeline. It usually means the last handler in the pipeline did not handle the exception.
io.netty.handler.codec.DecoderException: javax.net.ssl.SSLHandshakeException: Received fatal alert: certificate_unknown
	at io.netty.handler.codec.ByteToMessageDecoder.callDecode(ByteToMessageDecoder.java:459)
	at io.netty.handler.codec.ByteToMessageDecoder.channelRead(ByteToMessageDecoder.java:265)
	at io.netty.channel.AbstractChannelHandlerContext.invokeChannelRead(AbstractChannelHandlerContext.java:362)
	at io.netty.channel.AbstractChannelHandlerContext.invokeChannelRead(AbstractChannelHandlerContext.java:348)
	at io.netty.channel.AbstractChannelHandlerContext.fireChannelRead(AbstractChannelHandlerContext.java:340)
	at io.netty.channel.DefaultChannelPipeline$HeadContext.channelRead(DefaultChannelPipeline.java:1359)
	at io.netty.channel.AbstractChannelHandlerContext.invokeChannelRead(AbstractChannelHandlerContext.java:362)
	at io.netty.channel.AbstractChannelHandlerContext.invokeChannelRead(AbstractChannelHandlerContext.java:348)
	at io.netty.channel.DefaultChannelPipeline.fireChannelRead(DefaultChannelPipeline.java:935)
	at io.netty.channel.nio.AbstractNioByteChannel$NioByteUnsafe.read(AbstractNioByteChannel.java:134)
	at io.netty.channel.nio.NioEventLoop.processSelectedKey(NioEventLoop.java:645)
	at io.netty.channel.nio.NioEventLoop.processSelectedKeysOptimized(NioEventLoop.java:580)
	at io.netty.channel.nio.NioEventLoop.processSelectedKeys(NioEventLoop.java:497)
	at io.netty.channel.nio.NioEventLoop.run(NioEventLoop.java:459)
	at io.netty.util.concurrent.SingleThreadEventExecutor$5.run(SingleThreadEventExecutor.java:858)
	at java.base/java.lang.Thread.run(Thread.java:830)
Caused by: javax.net.ssl.SSLHandshakeException: Received fatal alert: certificate_unknown
	at java.base/sun.security.ssl.Alert.createSSLException(Alert.java:131)
	at java.base/sun.security.ssl.Alert.createSSLException(Alert.java:117)
	at java.base/sun.security.ssl.TransportContext.fatal(TransportContext.java:311)
	at java.base/sun.security.ssl.Alert$AlertConsumer.consume(Alert.java:285)
	at java.base/sun.security.ssl.TransportContext.dispatch(TransportContext.java:184)
	at java.base/sun.security.ssl.SSLTransport.decode(SSLTransport.java:164)
	at java.base/sun.security.ssl.SSLEngineImpl.decode(SSLEngineImpl.java:729)
	at java.base/sun.security.ssl.SSLEngineImpl.readRecord(SSLEngineImpl.java:684)
	at java.base/sun.security.ssl.SSLEngineImpl.unwrap(SSLEngineImpl.java:499)
	at java.base/sun.security.ssl.SSLEngineImpl.unwrap(SSLEngineImpl.java:475)
	at java.base/javax.net.ssl.SSLEngine.unwrap(SSLEngine.java:634)
	at io.netty.handler.ssl.SslHandler$SslEngineType$3.unwrap(SslHandler.java:281)
	at io.netty.handler.ssl.SslHandler.unwrap(SslHandler.java:1215)
	at io.netty.handler.ssl.SslHandler.decodeJdkCompatible(SslHandler.java:1127)
	at io.netty.handler.ssl.SslHandler.decode(SslHandler.java:1162)
	at io.netty.handler.codec.ByteToMessageDecoder.decodeRemovalReentryProtection(ByteToMessageDecoder.java:489)
	at io.netty.handler.codec.ByteToMessageDecoder.callDecode(ByteToMessageDecoder.java:428)
	... 15 common frames omitted
19:47:46.319 WARN  vert.x-eventloop-thread-0 DefaultChannelPipeline : An exceptionCaught() event was fired, and it reached at the tail of the pipeline. It usually means the last handler in the pipeline did not handle the exception.
io.netty.handler.codec.DecoderException: javax.net.ssl.SSLHandshakeException: Received fatal alert: certificate_unknown
	at io.netty.handler.codec.ByteToMessageDecoder.callDecode(ByteToMessageDecoder.java:459)
	at io.netty.handler.codec.ByteToMessageDecoder.channelRead(ByteToMessageDecoder.java:265)
	at io.netty.channel.AbstractChannelHandlerContext.invokeChannelRead(AbstractChannelHandlerContext.java:362)
	at io.netty.channel.AbstractChannelHandlerContext.invokeChannelRead(AbstractChannelHandlerContext.java:348)
	at io.netty.channel.AbstractChannelHandlerContext.fireChannelRead(AbstractChannelHandlerContext.java:340)
	at io.netty.channel.DefaultChannelPipeline$HeadContext.channelRead(DefaultChannelPipeline.java:1359)
	at io.netty.channel.AbstractChannelHandlerContext.invokeChannelRead(AbstractChannelHandlerContext.java:362)
	at io.netty.channel.AbstractChannelHandlerContext.invokeChannelRead(AbstractChannelHandlerContext.java:348)
	at io.netty.channel.DefaultChannelPipeline.fireChannelRead(DefaultChannelPipeline.java:935)
	at io.netty.channel.nio.AbstractNioByteChannel$NioByteUnsafe.read(AbstractNioByteChannel.java:134)
	at io.netty.channel.nio.NioEventLoop.processSelectedKey(NioEventLoop.java:645)
	at io.netty.channel.nio.NioEventLoop.processSelectedKeysOptimized(NioEventLoop.java:580)
	at io.netty.channel.nio.NioEventLoop.processSelectedKeys(NioEventLoop.java:497)
	at io.netty.channel.nio.NioEventLoop.run(NioEventLoop.java:459)
	at io.netty.util.concurrent.SingleThreadEventExecutor$5.run(SingleThreadEventExecutor.java:858)
	at java.base/java.lang.Thread.run(Thread.java:830)
Caused by: javax.net.ssl.SSLHandshakeException: Received fatal alert: certificate_unknown
	at java.base/sun.security.ssl.Alert.createSSLException(Alert.java:131)
	at java.base/sun.security.ssl.Alert.createSSLException(Alert.java:117)
	at java.base/sun.security.ssl.TransportContext.fatal(TransportContext.java:311)
	at java.base/sun.security.ssl.Alert$AlertConsumer.consume(Alert.java:285)
	at java.base/sun.security.ssl.TransportContext.dispatch(TransportContext.java:184)
	at java.base/sun.security.ssl.SSLTransport.decode(SSLTransport.java:164)
	at java.base/sun.security.ssl.SSLEngineImpl.decode(SSLEngineImpl.java:729)
	at java.base/sun.security.ssl.SSLEngineImpl.readRecord(SSLEngineImpl.java:684)
	at java.base/sun.security.ssl.SSLEngineImpl.unwrap(SSLEngineImpl.java:499)
	at java.base/sun.security.ssl.SSLEngineImpl.unwrap(SSLEngineImpl.java:475)
	at java.base/javax.net.ssl.SSLEngine.unwrap(SSLEngine.java:634)
	at io.netty.handler.ssl.SslHandler$SslEngineType$3.unwrap(SslHandler.java:281)
	at io.netty.handler.ssl.SslHandler.unwrap(SslHandler.java:1215)
	at io.netty.handler.ssl.SslHandler.decodeJdkCompatible(SslHandler.java:1127)
	at io.netty.handler.ssl.SslHandler.decode(SslHandler.java:1162)
	at io.netty.handler.codec.ByteToMessageDecoder.decodeRemovalReentryProtection(ByteToMessageDecoder.java:489)
	at io.netty.handler.codec.ByteToMessageDecoder.callDecode(ByteToMessageDecoder.java:428)
	... 15 common frames omitted
19:47:46.321 WARN  vert.x-eventloop-thread-0 DefaultChannelPipeline : An exceptionCaught() event was fired, and it reached at the tail of the pipeline. It usually means the last handler in the pipeline did not handle the exception.
io.netty.handler.codec.DecoderException: javax.net.ssl.SSLHandshakeException: Received fatal alert: certificate_unknown
	at io.netty.handler.codec.ByteToMessageDecoder.callDecode(ByteToMessageDecoder.java:459)
	at io.netty.handler.codec.ByteToMessageDecoder.channelRead(ByteToMessageDecoder.java:265)
	at io.netty.channel.AbstractChannelHandlerContext.invokeChannelRead(AbstractChannelHandlerContext.java:362)
	at io.netty.channel.AbstractChannelHandlerContext.invokeChannelRead(AbstractChannelHandlerContext.java:348)
	at io.netty.channel.AbstractChannelHandlerContext.fireChannelRead(AbstractChannelHandlerContext.java:340)
	at io.netty.channel.DefaultChannelPipeline$HeadContext.channelRead(DefaultChannelPipeline.java:1359)
	at io.netty.channel.AbstractChannelHandlerContext.invokeChannelRead(AbstractChannelHandlerContext.java:362)
	at io.netty.channel.AbstractChannelHandlerContext.invokeChannelRead(AbstractChannelHandlerContext.java:348)
	at io.netty.channel.DefaultChannelPipeline.fireChannelRead(DefaultChannelPipeline.java:935)
	at io.netty.channel.nio.AbstractNioByteChannel$NioByteUnsafe.read(AbstractNioByteChannel.java:134)
	at io.netty.channel.nio.NioEventLoop.processSelectedKey(NioEventLoop.java:645)
	at io.netty.channel.nio.NioEventLoop.processSelectedKeysOptimized(NioEventLoop.java:580)
	at io.netty.channel.nio.NioEventLoop.processSelectedKeys(NioEventLoop.java:497)
	at io.netty.channel.nio.NioEventLoop.run(NioEventLoop.java:459)
	at io.netty.util.concurrent.SingleThreadEventExecutor$5.run(SingleThreadEventExecutor.java:858)
	at java.base/java.lang.Thread.run(Thread.java:830)
Caused by: javax.net.ssl.SSLHandshakeException: Received fatal alert: certificate_unknown
	at java.base/sun.security.ssl.Alert.createSSLException(Alert.java:131)
	at java.base/sun.security.ssl.Alert.createSSLException(Alert.java:117)
	at java.base/sun.security.ssl.TransportContext.fatal(TransportContext.java:311)
	at java.base/sun.security.ssl.Alert$AlertConsumer.consume(Alert.java:285)
	at java.base/sun.security.ssl.TransportContext.dispatch(TransportContext.java:184)
	at java.base/sun.security.ssl.SSLTransport.decode(SSLTransport.java:164)
	at java.base/sun.security.ssl.SSLEngineImpl.decode(SSLEngineImpl.java:729)
	at java.base/sun.security.ssl.SSLEngineImpl.readRecord(SSLEngineImpl.java:684)
	at java.base/sun.security.ssl.SSLEngineImpl.unwrap(SSLEngineImpl.java:499)
	at java.base/sun.security.ssl.SSLEngineImpl.unwrap(SSLEngineImpl.java:475)
	at java.base/javax.net.ssl.SSLEngine.unwrap(SSLEngine.java:634)
	at io.netty.handler.ssl.SslHandler$SslEngineType$3.unwrap(SslHandler.java:281)
	at io.netty.handler.ssl.SslHandler.unwrap(SslHandler.java:1215)
	at io.netty.handler.ssl.SslHandler.decodeJdkCompatible(SslHandler.java:1127)
	at io.netty.handler.ssl.SslHandler.decode(SslHandler.java:1162)
	at io.netty.handler.codec.ByteToMessageDecoder.decodeRemovalReentryProtection(ByteToMessageDecoder.java:489)
	at io.netty.handler.codec.ByteToMessageDecoder.callDecode(ByteToMessageDecoder.java:428)
	... 15 common frames omitted
19:47:46.562 INFO  vert.x-eventloop-thread-0 BaseServiceProxy     : -> GET /stylesheet/web/ib-common.css,200|239ms
19:47:46.869 INFO  vert.x-eventloop-thread-0 BaseServiceProxy     : -> GET /scripts/common/js/jquery-ui-1.12.1.min.js,200|249ms
19:47:46.900 INFO  vert.x-eventloop-thread-0 BaseServiceProxy     : -> GET /scripts/common/js/2015/bootstrap.min.js,200|141ms
19:47:46.915 INFO  vert.x-eventloop-thread-0 BaseServiceProxy     : -> GET /stylesheet/web/switchery.min.css,200|325ms
19:47:47.000 INFO  vert.x-eventloop-thread-0 BaseServiceProxy     : -> GET /stylesheet/web/login.css,200|427ms
19:47:47.026 INFO  vert.x-eventloop-thread-0 BaseServiceProxy     : -> GET /scripts/common/js/2015/bootstrap-switch.min.js,200|241ms
19:47:47.042 INFO  vert.x-eventloop-thread-0 BaseServiceProxy     : -> GET /scripts/common/js/2015/jquery.min.js,200|428ms
19:47:47.122 INFO  vert.x-eventloop-thread-0 BaseServiceProxy     : -> GET /scripts/common/js/switchery.min.js,200|199ms
19:47:47.213 INFO  vert.x-eventloop-thread-0 BaseServiceProxy     : -> GET /sso/CombineFiles,200|199ms
19:47:47.569 INFO  vert.x-eventloop-thread-0 BaseServiceProxy     : -> GET /images/2015/btn-app-apple.png,200|108ms
19:47:47.685 INFO  vert.x-eventloop-thread-0 BaseServiceProxy     : -> GET /images/2015/btn-app-google.png,200|108ms
19:47:47.826 INFO  vert.x-eventloop-thread-0 BaseServiceProxy     : -> GET /images/2015/btn-app-tws.png,200|109ms
19:47:47.840 INFO  vert.x-eventloop-thread-0 BaseServiceProxy     : -> GET /images/2015/button_discover_apis.png,200|114ms
19:47:47.843 INFO  vert.x-eventloop-thread-0 BaseServiceProxy     : -> GET /images/2015/template/logo-ib-ibkr-txtwht.svg,200|105ms
19:47:47.903 INFO  vert.x-eventloop-thread-0 BaseServiceProxy     : -> GET /images/2015/template/logo-ib-ibkr-txtblk.svg,200|110ms
19:47:47.917 INFO  vert.x-eventloop-thread-0 BaseServiceProxy     : -> GET /images/2015/template/home-screen-icon-192x192.png,200|106ms
19:47:47.965 INFO  vert.x-eventloop-thread-0 BaseServiceProxy     : -> GET /fonts/Proxima-Nova-Light.woff2,200|114ms
19:47:48.203 INFO  vert.x-eventloop-thread-0 BaseServiceProxy     : -> GET /fonts/Proxima-Nova-Semibold.woff2,200|347ms
19:47:48.212 INFO  vert.x-eventloop-thread-0 BaseServiceProxy     : -> GET /fonts/fontawesome-webfont.woff2?v=4.6.1,200|358ms
19:47:48.230 INFO  vert.x-eventloop-thread-0 BaseServiceProxy     : -> GET /fonts/Proxima-Nova-Regular.woff2,200|372ms
19:47:48.695 INFO  vert.x-eventloop-thread-0 BaseServiceProxy     : -> GET /images/2015/template/home-screen-icon-128x128.png,200|214ms
19:48:07.873 INFO  vert.x-eventloop-thread-0 BaseServiceProxy     : -> GET /sso/Login?forwardTo=22&RL=1&ip2loc=US,200|452ms
19:48:07.873 INFO  vert.x-eventloop-thread-0 CookieManager        : set cookies [XYZAB_AM.LOGIN=""; Domain=.ibkr.com; Path=/;Secure;SameSite=None, XYZAB=""; Domain=.ibkr.com; Path=/;Secure;SameSite=None, URL_PARAM="forwardTo=22&RL=1&ip2loc=US"; Version=1; Domain=.ibkr.com; Path=/;Secure;HttpOnly, RL=1; Domain=.ibkr.com; Path=/;Secure;HttpOnly;SameSite=None, JSESSIONID=D4A41A22274D2D41CF24959F86E8B6F3.ny5wwwdamsso2; Path=/sso; HttpOnly;Secure;SameSite=None, ibkr.nj=!+401wfOOahAWO1HbOe9K/dS9tNnrxw/i0rRct6OlVkWVV8guxj3et/sVbyPkQD1TBkD9rQK/nTOVbW25GqCXBiot5vGEuEwVllxxCRQY6E4+urKl6dwlMtvtpugYKtqVbsIf5bxaI+zddAScljpTskTqKGCVzIA=; path=/; Httponly, ibkr.nj=286525962.20480.0000; path=/; Httponly; Secure]
19:48:07.873 DEBUG vert.x-eventloop-thread-0 BaseServiceProxy     : Remapping Set-cookies [XYZAB_AM.LOGIN=""; Domain=.ibkr.com; Path=/;Secure;SameSite=None, XYZAB=""; Domain=.ibkr.com; Path=/;Secure;SameSite=None, URL_PARAM="forwardTo=22&RL=1&ip2loc=US"; Version=1; Domain=.ibkr.com; Path=/;Secure;HttpOnly, RL=1; Domain=.ibkr.com; Path=/;Secure;HttpOnly;SameSite=None, JSESSIONID=D4A41A22274D2D41CF24959F86E8B6F3.ny5wwwdamsso2; Path=/sso; HttpOnly;Secure;SameSite=None, ibkr.nj=!+401wfOOahAWO1HbOe9K/dS9tNnrxw/i0rRct6OlVkWVV8guxj3et/sVbyPkQD1TBkD9rQK/nTOVbW25GqCXBiot5vGEuEwVllxxCRQY6E4+urKl6dwlMtvtpugYKtqVbsIf5bxaI+zddAScljpTskTqKGCVzIA=; path=/; Httponly, ibkr.nj=286525962.20480.0000; path=/; Httponly; Secure] -> 
19:48:08.205 INFO  vert.x-eventloop-thread-0 BaseServiceProxy     : -> GET /stylesheet/web/ib-common.css,200|291ms
19:48:08.254 INFO  vert.x-eventloop-thread-0 BaseServiceProxy     : -> GET /stylesheet/web/switchery.min.css,200|341ms
19:48:08.321 INFO  vert.x-eventloop-thread-0 BaseServiceProxy     : -> GET /stylesheet/web/bootstrap.v3.3.6.css,200|414ms
19:48:08.333 INFO  vert.x-eventloop-thread-0 BaseServiceProxy     : -> GET /stylesheet/web/bootstrap-switch.v3.3.2.min.css,200|424ms
19:48:08.361 INFO  vert.x-eventloop-thread-0 BaseServiceProxy     : -> GET /stylesheet/web/font-awesome.v4.7.0.css,200|450ms
19:48:08.365 INFO  vert.x-eventloop-thread-0 BaseServiceProxy     : -> GET /stylesheet/web/login.css,200|273ms
19:48:08.445 INFO  vert.x-eventloop-thread-0 BaseServiceProxy     : -> GET /sso/Templates/otp-responsive.css?1599763687532,200|186ms
19:48:08.523 INFO  vert.x-eventloop-thread-0 BaseServiceProxy     : -> GET /scripts/common/js/2015/jquery.min.js,200|187ms
19:48:08.564 INFO  vert.x-eventloop-thread-0 BaseServiceProxy     : -> GET /scripts/common/js/jquery-ui-1.12.1.min.js,200|156ms
19:48:08.579 INFO  vert.x-eventloop-thread-0 BaseServiceProxy     : -> GET /scripts/common/js/2015/bootstrap.min.js,200|131ms
19:48:08.685 INFO  vert.x-eventloop-thread-0 BaseServiceProxy     : -> GET /scripts/common/js/2015/bootstrap-switch.min.js,200|217ms
19:48:08.745 INFO  vert.x-eventloop-thread-0 BaseServiceProxy     : -> GET /scripts/common/js/switchery.min.js,200|171ms
19:48:08.799 INFO  vert.x-eventloop-thread-0 BaseServiceProxy     : -> GET /sso/CombineFiles,200|163ms
19:48:09.348 INFO  vert.x-eventloop-thread-0 BaseServiceProxy     : -> GET /images/2015/btn-app-apple.png,200|108ms
19:48:09.470 INFO  vert.x-eventloop-thread-0 BaseServiceProxy     : -> GET /images/2015/btn-app-google.png,200|112ms
19:48:09.604 INFO  vert.x-eventloop-thread-0 BaseServiceProxy     : -> GET /images/2015/btn-app-tws.png,200|103ms
19:48:09.647 INFO  vert.x-eventloop-thread-0 BaseServiceProxy     : -> GET /images/2015/button_discover_apis.png,200|109ms
19:48:09.652 INFO  vert.x-eventloop-thread-0 BaseServiceProxy     : -> GET /images/2015/template/logo-ib-ibkr-txtwht.svg,200|105ms
19:48:09.699 INFO  vert.x-eventloop-thread-0 BaseServiceProxy     : -> GET /images/2015/template/logo-ib-ibkr-txtblk.svg,200|106ms
19:48:09.805 INFO  vert.x-eventloop-thread-0 BaseServiceProxy     : -> GET /images/2015/template/home-screen-icon-192x192.png,200|205ms
19:48:09.807 INFO  vert.x-eventloop-thread-0 BaseServiceProxy     : -> GET /fonts/Proxima-Nova-Semibold.woff2,200|157ms
19:48:09.811 INFO  vert.x-eventloop-thread-0 BaseServiceProxy     : -> GET /fonts/Proxima-Nova-Light.woff2,200|170ms
19:48:09.814 INFO  vert.x-eventloop-thread-0 BaseServiceProxy     : -> GET /fonts/fontawesome-webfont.woff2?v=4.6.1,200|171ms
19:48:10.109 INFO  vert.x-eventloop-thread-0 BaseServiceProxy     : -> GET /fonts/Proxima-Nova-Regular.woff2,200|454ms
19:48:10.117 INFO  vert.x-eventloop-thread-0 BaseServiceProxy     : -> GET /sso/Login?forwardTo=22&RL=1&ip2loc=US,200|415ms
19:48:10.118 INFO  vert.x-eventloop-thread-0 CookieManager        : set cookies [XYZAB_AM.LOGIN=""; Domain=.ibkr.com; Path=/;Secure;SameSite=None, XYZAB=""; Domain=.ibkr.com; Path=/;Secure;SameSite=None, URL_PARAM="forwardTo=22&RL=1&ip2loc=US"; Version=1; Domain=.ibkr.com; Path=/;Secure;HttpOnly, RL=1; Domain=.ibkr.com; Path=/;Secure;HttpOnly;SameSite=None, JSESSIONID=800A8C42C281521EFCAB787D98778D8A.ny5wwwdamsso2; Path=/sso; HttpOnly;Secure;SameSite=None]
19:48:10.118 DEBUG vert.x-eventloop-thread-0 BaseServiceProxy     : Remapping Set-cookies [XYZAB_AM.LOGIN=""; Domain=.ibkr.com; Path=/;Secure;SameSite=None, XYZAB=""; Domain=.ibkr.com; Path=/;Secure;SameSite=None, URL_PARAM="forwardTo=22&RL=1&ip2loc=US"; Version=1; Domain=.ibkr.com; Path=/;Secure;HttpOnly, RL=1; Domain=.ibkr.com; Path=/;Secure;HttpOnly;SameSite=None, JSESSIONID=800A8C42C281521EFCAB787D98778D8A.ny5wwwdamsso2; Path=/sso; HttpOnly;Secure;SameSite=None] -> 
19:48:10.276 INFO  vert.x-eventloop-thread-0 BaseServiceProxy     : -> GET /sso/Templates/otp-responsive.css?1599763689580,200|109ms
19:48:10.285 INFO  vert.x-eventloop-thread-0 BaseServiceProxy     : -> GET /sso/CombineFiles,200|116ms
19:48:10.710 INFO  vert.x-eventloop-thread-0 BaseServiceProxy     : -> GET /images/2015/template/home-screen-icon-128x128.png,200|108ms
